[I 12:33:05.627 NotebookApp] [nb_conda_kernels] enabled, 2 kernels found
[I 12:33:05.635 NotebookApp] Writing notebook server cookie secret to /run/user/1000/jupyter/notebook_cookie_secret
[W 12:33:08.682 NotebookApp] WARNING: The notebook server is listening on all IP addresses and not using encryption. This is not recommended.
[I 12:33:08.922 NotebookApp] [nb_conda] enabled
[I 12:33:09.511 NotebookApp] ✓ nbpresent HTML export ENABLED
[W 12:33:09.512 NotebookApp] ✗ nbpresent PDF export DISABLED: No module named 'nbbrowserpdf'
[I 12:33:10.508 NotebookApp] [nb_anacondacloud] enabled
[I 12:33:10.512 NotebookApp] Serving notebooks from local directory: /home/liusida/code/ipython
[I 12:33:10.512 NotebookApp] 0 active kernels 
[I 12:33:10.513 NotebookApp] The Jupyter Notebook is running at: http://[all ip addresses on your system]:8816/
[I 12:33:10.513 NotebookApp] Use Control-C to stop this server and shut down all kernels (twice to skip confirmation).
[W 12:33:10.513 NotebookApp] No web browser found: could not locate runnable browser.
[I 12:33:10.516 NotebookApp] 302 GET /tree/fund_scanner (60.186.54.76) 1.61ms
[I 12:33:13.837 NotebookApp] 302 POST /login?next=%2Ftree%2Ffund_scanner (60.186.54.76) 1.32ms
[I 12:33:23.250 NotebookApp] Kernel started: b7b95406-3a46-4227-ab91-d4292adfc461
[W 12:35:21.571 NotebookApp] 404 GET /robots.txt (213.180.203.65) 31.37ms referer=None
[I 12:35:26.020 NotebookApp] 302 GET /tree (37.9.113.90) 0.95ms
[I 13:31:03.313 NotebookApp] Kernel started: 05343d01-e613-40a8-8319-b26f88c05bfa
[I 15:07:24.688 NotebookApp] Kernel started: 5261dd1d-612f-4298-9abf-309ebb94a942
[I 15:07:38.808 NotebookApp] Creating new notebook in /fund_scanner/playground
[I 15:07:40.373 NotebookApp] Kernel started: 140edee3-87d7-4a64-b373-6dc5ed9bde14
[I 15:08:21.725 NotebookApp] Saving file at /fund_scanner/playground/get_funds_update_new.ipynb
[I 15:08:47.143 NotebookApp] Saving file at /fund_scanner/playground/get_funds_update_new.ipynb
[I 15:09:40.402 NotebookApp] Saving file at /fund_scanner/playground/get_funds_update_new.ipynb
[I 15:10:15.457 NotebookApp] Saving file at /fund_scanner/playground/get_funds_update_new.ipynb
[I 15:11:03.001 NotebookApp] Saving file at /fund_scanner/playground/get_funds_update_new.ipynb
[I 15:11:40.408 NotebookApp] Saving file at /fund_scanner/playground/get_funds_update_new.ipynb
[I 15:13:42.474 NotebookApp] Saving file at /fund_scanner/playground/get_funds_update_new.ipynb
[I 15:35:40.544 NotebookApp] Saving file at /fund_scanner/playground/get_funds_update_new.ipynb
[I 15:39:40.525 NotebookApp] Saving file at /fund_scanner/playground/get_funds_update_new.ipynb
